Release 10.1 Map K.31 (nt)
Xilinx Mapping Report File for Design 'ALU32DFF'

Design Information
------------------
Command Line   : map -ise "C:/Documents and
Settings/student/Desktop/Lab2_zixuang/Lab2_zixuan/Lab2_zixuan.ise" -intstyle ise
-p xc2vp30-ff896-6 -cm area -pr off -k 4 -c 100 -tx off -o ALU32DFF_map.ncd
ALU32DFF.ngd ALU32DFF.pcf 
Target Device  : xc2vp30
Target Package : ff896
Target Speed   : -6
Mapper Version : virtex2p -- $Revision: 1.46 $
Mapped Date    : Sat Jan 24 17:04:36 2026

Design Summary
--------------
Number of errors:      0
Number of warnings:    0
Logic Utilization:
  Number of Slice Flip Flops:            99 out of  27,392    1%
  Number of 4 input LUTs:               228 out of  27,392    1%
Logic Distribution:
  Number of occupied Slices:            154 out of  13,696    1%
    Number of Slices containing only related logic:     154 out of     154 100%
    Number of Slices containing unrelated logic:          0 out of     154   0%
      *See NOTES below for an explanation of the effects of unrelated logic.
  Total Number of 4 input LUTs:         228 out of  27,392    1%
  Number of bonded IOBs:                100 out of     556   17%
  Number of BUFGMUXs:                     1 out of      16    6%

  Number of RPM macros:            2
Peak Memory Usage:  198 MB
Total REAL time to MAP completion:  1 secs 
Total CPU time to MAP completion:   1 secs 

NOTES:

   Related logic is defined as being logic that shares connectivity - e.g. two
   LUTs are "related" if they share common inputs.  When assembling slices,
   Map gives priority to combine logic that is related.  Doing so results in
   the best timing performance.

   Unrelated logic shares no connectivity.  Map will only begin packing
   unrelated logic into a slice once 99% of the slices are occupied through
   related logic packing.

   Note that once logic distribution reaches the 99% level through related
   logic packing, this does not mean the device is completely utilized.
   Unrelated logic packing will then begin, continuing until all usable LUTs
   and FFs are occupied.  Depending on your timing budget, increased levels of
   unrelated logic packing may adversely affect the overall timing performance
   of your design.

Table of Contents
-----------------
Section 1 - Errors
Section 2 - Warnings
Section 3 - Informational
Section 4 - Removed Logic Summary
Section 5 - Removed Logic
Section 6 - IOB Properties
Section 7 - RPMs
Section 8 - Guide Report
Section 9 - Area Group and Partition Summary
Section 10 - Modular Design Summary
Section 11 - Timing Report
Section 12 - Configuration String Information
Section 13 - Control Set Information
Section 14 - Utilization by Hierarchy

Section 1 - Errors
------------------

Section 2 - Warnings
--------------------

Section 3 - Informational
-------------------------
INFO:MapLib:562 - No environment variables are currently set.
INFO:LIT:244 - All of the single ended outputs in this design are using slew
   rate limited output drivers. The delay on speed critical single ended outputs
   can be dramatically reduced by designating them as fast outputs.

Section 4 - Removed Logic Summary
---------------------------------
   4 block(s) removed
  39 block(s) optimized away
   2 signal(s) removed

Section 5 - Removed Logic
-------------------------

The trimmed logic report below shows the logic removed from your design due to
sourceless or loadless signals, and VCC or ground connections.  If the removal
of a signal or symbol results in the subsequent removal of an additional signal
or symbol, the message explaining that second removal will be indented.  This
indentation will be repeated as a chain of related logic is removed.

To quickly locate the original cause for the removal of a chain of logic, look
above the place where that logic is listed in the trimming report, then locate
the lines that are least indented (begin at the leftmost edge).

Loadless block "XLXI_1/XLXI_1/XLXI_4/XLXI_10/XLXI_3" (OR) removed.
 The signal "XLXI_1/XLXI_1/XLXI_4/XLXI_10/XLXN_11" is loadless and has been
removed.
  Loadless block "XLXI_1/XLXI_1/XLXI_4/XLXI_10/XLXI_1" (AND) removed.
 The signal "XLXI_1/XLXI_1/XLXI_4/XLXI_10/XLXN_12" is loadless and has been
removed.
  Loadless block "XLXI_1/XLXI_1/XLXI_4/XLXI_10/XLXI_2" (AND) removed.
Loadless block "XLXI_1/XLXI_17/XLXI_80" (XOR) removed.

Optimized Block(s):
TYPE 		BLOCK
AND2 		XLXI_1/XLXI_14/XLXI_3/I_36_9
AND2B1 		XLXI_1/XLXI_14/XLXI_60/I_36_7
VCC 		XLXI_1/XLXI_17/XLXI_110/I_36_172
GND 		XLXI_1/XLXI_17/XLXI_110/I_36_174
VCC 		XLXI_1/XLXI_17/XLXI_111/I_36_172
GND 		XLXI_1/XLXI_17/XLXI_111/I_36_174
AND2 		XLXI_1/XLXI_21/XLXI_25/I_36_9
AND2 		XLXI_1/XLXI_21/XLXI_26/I_36_9
AND2 		XLXI_1/XLXI_21/XLXI_27/I_36_9
AND2 		XLXI_1/XLXI_21/XLXI_28/I_36_9
AND2 		XLXI_1/XLXI_21/XLXI_37/I_36_9
AND2 		XLXI_1/XLXI_21/XLXI_38/I_36_9
AND2 		XLXI_1/XLXI_21/XLXI_39/I_36_9
AND2 		XLXI_1/XLXI_21/XLXI_4/I_36_9
AND2 		XLXI_1/XLXI_21/XLXI_40/I_36_9
AND2 		XLXI_1/XLXI_21/XLXI_41/I_36_9
AND2 		XLXI_1/XLXI_21/XLXI_42/I_36_9
AND2 		XLXI_1/XLXI_21/XLXI_43/I_36_9
AND2 		XLXI_1/XLXI_21/XLXI_44/I_36_9
AND2 		XLXI_1/XLXI_21/XLXI_45/I_36_9
AND2 		XLXI_1/XLXI_21/XLXI_46/I_36_9
AND2 		XLXI_1/XLXI_21/XLXI_47/I_36_9
AND2 		XLXI_1/XLXI_21/XLXI_48/I_36_9
AND2 		XLXI_1/XLXI_21/XLXI_49/I_36_9
AND2 		XLXI_1/XLXI_21/XLXI_5/I_36_9
AND2 		XLXI_1/XLXI_21/XLXI_50/I_36_9
AND2 		XLXI_1/XLXI_21/XLXI_51/I_36_9
AND2 		XLXI_1/XLXI_21/XLXI_52/I_36_9
AND2 		XLXI_1/XLXI_21/XLXI_53/I_36_9
AND2 		XLXI_1/XLXI_21/XLXI_54/I_36_9
AND2 		XLXI_1/XLXI_21/XLXI_55/I_36_9
AND2 		XLXI_1/XLXI_21/XLXI_56/I_36_9
AND2 		XLXI_1/XLXI_21/XLXI_57/I_36_9
AND2 		XLXI_1/XLXI_21/XLXI_58/I_36_9
AND2 		XLXI_1/XLXI_21/XLXI_59/I_36_9
AND2 		XLXI_1/XLXI_21/XLXI_6/I_36_9
AND2 		XLXI_1/XLXI_21/XLXI_60/I_36_9
AND2 		XLXI_1/XLXI_22/I_36_9
GND 		XST_GND

To enable printing of redundant blocks removed and signals merged, set the
detailed map report option and rerun map.

Section 6 - IOB Properties
--------------------------

+----------------------------------------------------------------------------------------------------------------------------------------+
| IOB Name                           | Type             | Direction | IO Standard | Drive    | Slew | Reg (s)      | Resistor | IOB      |
|                                    |                  |           |             | Strength | Rate |              |          | Delay    |
+----------------------------------------------------------------------------------------------------------------------------------------+
| Ai<0>                              | IOB              | INPUT     | LVCMOS25    |          |      |              |          |          |
| Ai<1>                              | IOB              | INPUT     | LVCMOS25    |          |      |              |          |          |
| Ai<2>                              | IOB              | INPUT     | LVCMOS25    |          |      |              |          |          |
| Ai<3>                              | IOB              | INPUT     | LVCMOS25    |          |      |              |          |          |
| Ai<4>                              | IOB              | INPUT     | LVCMOS25    |          |      |              |          |          |
| Ai<5>                              | IOB              | INPUT     | LVCMOS25    |          |      |              |          |          |
| Ai<6>                              | IOB              | INPUT     | LVCMOS25    |          |      |              |          |          |
| Ai<7>                              | IOB              | INPUT     | LVCMOS25    |          |      |              |          |          |
| Ai<8>                              | IOB              | INPUT     | LVCMOS25    |          |      |              |          |          |
| Ai<9>                              | IOB              | INPUT     | LVCMOS25    |          |      |              |          |          |
| Ai<10>                             | IOB              | INPUT     | LVCMOS25    |          |      |              |          |          |
| Ai<11>                             | IOB              | INPUT     | LVCMOS25    |          |      |              |          |          |
| Ai<12>                             | IOB              | INPUT     | LVCMOS25    |          |      |              |          |          |
| Ai<13>                             | IOB              | INPUT     | LVCMOS25    |          |      |              |          |          |
| Ai<14>                             | IOB              | INPUT     | LVCMOS25    |          |      |              |          |          |
| Ai<15>                             | IOB              | INPUT     | LVCMOS25    |          |      |              |          |          |
| Ai<16>                             | IOB              | INPUT     | LVCMOS25    |          |      |              |          |          |
| Ai<17>                             | IOB              | INPUT     | LVCMOS25    |          |      |              |          |          |
| Ai<18>                             | IOB              | INPUT     | LVCMOS25    |          |      |              |          |          |
| Ai<19>                             | IOB              | INPUT     | LVCMOS25    |          |      |              |          |          |
| Ai<20>                             | IOB              | INPUT     | LVCMOS25    |          |      |              |          |          |
| Ai<21>                             | IOB              | INPUT     | LVCMOS25    |          |      |              |          |          |
| Ai<22>                             | IOB              | INPUT     | LVCMOS25    |          |      |              |          |          |
| Ai<23>                             | IOB              | INPUT     | LVCMOS25    |          |      |              |          |          |
| Ai<24>                             | IOB              | INPUT     | LVCMOS25    |          |      |              |          |          |
| Ai<25>                             | IOB              | INPUT     | LVCMOS25    |          |      |              |          |          |
| Ai<26>                             | IOB              | INPUT     | LVCMOS25    |          |      |              |          |          |
| Ai<27>                             | IOB              | INPUT     | LVCMOS25    |          |      |              |          |          |
| Ai<28>                             | IOB              | INPUT     | LVCMOS25    |          |      |              |          |          |
| Ai<29>                             | IOB              | INPUT     | LVCMOS25    |          |      |              |          |          |
| Ai<30>                             | IOB              | INPUT     | LVCMOS25    |          |      |              |          |          |
| Ai<31>                             | IOB              | INPUT     | LVCMOS25    |          |      |              |          |          |
| Bi<0>                              | IOB              | INPUT     | LVCMOS25    |          |      |              |          |          |
| Bi<1>                              | IOB              | INPUT     | LVCMOS25    |          |      |              |          |          |
| Bi<2>                              | IOB              | INPUT     | LVCMOS25    |          |      |              |          |          |
| Bi<3>                              | IOB              | INPUT     | LVCMOS25    |          |      |              |          |          |
| Bi<4>                              | IOB              | INPUT     | LVCMOS25    |          |      |              |          |          |
| Bi<5>                              | IOB              | INPUT     | LVCMOS25    |          |      |              |          |          |
| Bi<6>                              | IOB              | INPUT     | LVCMOS25    |          |      |              |          |          |
| Bi<7>                              | IOB              | INPUT     | LVCMOS25    |          |      |              |          |          |
| Bi<8>                              | IOB              | INPUT     | LVCMOS25    |          |      |              |          |          |
| Bi<9>                              | IOB              | INPUT     | LVCMOS25    |          |      |              |          |          |
| Bi<10>                             | IOB              | INPUT     | LVCMOS25    |          |      |              |          |          |
| Bi<11>                             | IOB              | INPUT     | LVCMOS25    |          |      |              |          |          |
| Bi<12>                             | IOB              | INPUT     | LVCMOS25    |          |      |              |          |          |
| Bi<13>                             | IOB              | INPUT     | LVCMOS25    |          |      |              |          |          |
| Bi<14>                             | IOB              | INPUT     | LVCMOS25    |          |      |              |          |          |
| Bi<15>                             | IOB              | INPUT     | LVCMOS25    |          |      |              |          |          |
| Bi<16>                             | IOB              | INPUT     | LVCMOS25    |          |      |              |          |          |
| Bi<17>                             | IOB              | INPUT     | LVCMOS25    |          |      |              |          |          |
| Bi<18>                             | IOB              | INPUT     | LVCMOS25    |          |      |              |          |          |
| Bi<19>                             | IOB              | INPUT     | LVCMOS25    |          |      |              |          |          |
| Bi<20>                             | IOB              | INPUT     | LVCMOS25    |          |      |              |          |          |
| Bi<21>                             | IOB              | INPUT     | LVCMOS25    |          |      |              |          |          |
| Bi<22>                             | IOB              | INPUT     | LVCMOS25    |          |      |              |          |          |
| Bi<23>                             | IOB              | INPUT     | LVCMOS25    |          |      |              |          |          |
| Bi<24>                             | IOB              | INPUT     | LVCMOS25    |          |      |              |          |          |
| Bi<25>                             | IOB              | INPUT     | LVCMOS25    |          |      |              |          |          |
| Bi<26>                             | IOB              | INPUT     | LVCMOS25    |          |      |              |          |          |
| Bi<27>                             | IOB              | INPUT     | LVCMOS25    |          |      |              |          |          |
| Bi<28>                             | IOB              | INPUT     | LVCMOS25    |          |      |              |          |          |
| Bi<29>                             | IOB              | INPUT     | LVCMOS25    |          |      |              |          |          |
| Bi<30>                             | IOB              | INPUT     | LVCMOS25    |          |      |              |          |          |
| Bi<31>                             | IOB              | INPUT     | LVCMOS25    |          |      |              |          |          |
| CLK                                | IOB              | INPUT     | LVCMOS25    |          |      |              |          |          |
| OP<0>                              | IOB              | INPUT     | LVCMOS25    |          |      |              |          |          |
| OP<1>                              | IOB              | INPUT     | LVCMOS25    |          |      |              |          |          |
| OP<2>                              | IOB              | INPUT     | LVCMOS25    |          |      |              |          |          |
| S<0>                               | IOB              | OUTPUT    | LVCMOS25    | 12       | SLOW |              |          |          |
| S<1>                               | IOB              | OUTPUT    | LVCMOS25    | 12       | SLOW |              |          |          |
| S<2>                               | IOB              | OUTPUT    | LVCMOS25    | 12       | SLOW |              |          |          |
| S<3>                               | IOB              | OUTPUT    | LVCMOS25    | 12       | SLOW |              |          |          |
| S<4>                               | IOB              | OUTPUT    | LVCMOS25    | 12       | SLOW |              |          |          |
| S<5>                               | IOB              | OUTPUT    | LVCMOS25    | 12       | SLOW |              |          |          |
| S<6>                               | IOB              | OUTPUT    | LVCMOS25    | 12       | SLOW |              |          |          |
| S<7>                               | IOB              | OUTPUT    | LVCMOS25    | 12       | SLOW |              |          |          |
| S<8>                               | IOB              | OUTPUT    | LVCMOS25    | 12       | SLOW |              |          |          |
| S<9>                               | IOB              | OUTPUT    | LVCMOS25    | 12       | SLOW |              |          |          |
| S<10>                              | IOB              | OUTPUT    | LVCMOS25    | 12       | SLOW |              |          |          |
| S<11>                              | IOB              | OUTPUT    | LVCMOS25    | 12       | SLOW |              |          |          |
| S<12>                              | IOB              | OUTPUT    | LVCMOS25    | 12       | SLOW |              |          |          |
| S<13>                              | IOB              | OUTPUT    | LVCMOS25    | 12       | SLOW |              |          |          |
| S<14>                              | IOB              | OUTPUT    | LVCMOS25    | 12       | SLOW |              |          |          |
| S<15>                              | IOB              | OUTPUT    | LVCMOS25    | 12       | SLOW |              |          |          |
| S<16>                              | IOB              | OUTPUT    | LVCMOS25    | 12       | SLOW |              |          |          |
| S<17>                              | IOB              | OUTPUT    | LVCMOS25    | 12       | SLOW |              |          |          |
| S<18>                              | IOB              | OUTPUT    | LVCMOS25    | 12       | SLOW |              |          |          |
| S<19>                              | IOB              | OUTPUT    | LVCMOS25    | 12       | SLOW |              |          |          |
| S<20>                              | IOB              | OUTPUT    | LVCMOS25    | 12       | SLOW |              |          |          |
| S<21>                              | IOB              | OUTPUT    | LVCMOS25    | 12       | SLOW |              |          |          |
| S<22>                              | IOB              | OUTPUT    | LVCMOS25    | 12       | SLOW |              |          |          |
| S<23>                              | IOB              | OUTPUT    | LVCMOS25    | 12       | SLOW |              |          |          |
| S<24>                              | IOB              | OUTPUT    | LVCMOS25    | 12       | SLOW |              |          |          |
| S<25>                              | IOB              | OUTPUT    | LVCMOS25    | 12       | SLOW |              |          |          |
| S<26>                              | IOB              | OUTPUT    | LVCMOS25    | 12       | SLOW |              |          |          |
| S<27>                              | IOB              | OUTPUT    | LVCMOS25    | 12       | SLOW |              |          |          |
| S<28>                              | IOB              | OUTPUT    | LVCMOS25    | 12       | SLOW |              |          |          |
| S<29>                              | IOB              | OUTPUT    | LVCMOS25    | 12       | SLOW |              |          |          |
| S<30>                              | IOB              | OUTPUT    | LVCMOS25    | 12       | SLOW |              |          |          |
| S<31>                              | IOB              | OUTPUT    | LVCMOS25    | 12       | SLOW |              |          |          |
+----------------------------------------------------------------------------------------------------------------------------------------+

Section 7 - RPMs
----------------
XLXI_1_XLXI_17_XLXI_110_0               
XLXI_1_XLXI_17_XLXI_111_1               

Section 8 - Guide Report
------------------------
Guide not run on this design.

Section 9 - Area Group and Partition Summary
--------------------------------------------

Partition Implementation Status
-------------------------------

  No Partitions were found in this design.

-------------------------------

Area Group Information
----------------------

  No area groups were found in this design.

----------------------

Section 10 - Modular Design Summary
-----------------------------------
Modular Design not used for this design.

Section 11 - Timing Report
--------------------------
This design was not run using timing mode.

Section 12 - Configuration String Details
-----------------------------------------
Use the "-detail" map option to print out Configuration Strings

Section 13 - Control Set Information
------------------------------------
No control set information for this architecture.

Section 14 - Utilization by Hierarchy
-------------------------------------

This feature is not supported for this architecture.
