Release 10.1 - xst K.31 (nt)
Copyright (c) 1995-2008 Xilinx, Inc.  All rights reserved.
--> Parameter TMPDIR set to C:/Documents and Settings/student/Desktop/Lab2_zixuang/xst/projnav.tmp


Total REAL time to Xst completion: 0.00 secs
Total CPU time to Xst completion: 0.11 secs
 
--> Parameter xsthdpdir set to C:/Documents and Settings/student/Desktop/Lab2_zixuang/xst


Total REAL time to Xst completion: 0.00 secs
Total CPU time to Xst completion: 0.11 secs
 
--> Reading design: Alu32.prj

TABLE OF CONTENTS
  1) Synthesis Options Summary
  2) HDL Compilation
  3) Design Hierarchy Analysis
  4) HDL Analysis
  5) HDL Synthesis
     5.1) HDL Synthesis Report
  6) Advanced HDL Synthesis
     6.1) Advanced HDL Synthesis Report
  7) Low Level Synthesis
  8) Partition Report
  9) Final Report
     9.1) Device utilization summary
     9.2) Partition Resource Summary
     9.3) TIMING REPORT


=========================================================================
*                      Synthesis Options Summary                        *
=========================================================================
---- Source Parameters
Input File Name                    : "Alu32.prj"
Input Format                       : mixed
Ignore Synthesis Constraint File   : NO

---- Target Parameters
Output File Name                   : "Alu32"
Output Format                      : NGC
Target Device                      : xc2vp30-6-ff896

---- Source Options
Top Module Name                    : Alu32
Automatic FSM Extraction           : YES
FSM Encoding Algorithm             : Auto
Safe Implementation                : No
FSM Style                          : lut
RAM Extraction                     : Yes
RAM Style                          : Auto
ROM Extraction                     : Yes
Mux Style                          : Auto
Decoder Extraction                 : YES
Priority Encoder Extraction        : YES
Shift Register Extraction          : YES
Logical Shifter Extraction         : YES
XOR Collapsing                     : YES
ROM Style                          : Auto
Mux Extraction                     : YES
Resource Sharing                   : YES
Asynchronous To Synchronous        : NO
Multiplier Style                   : auto
Automatic Register Balancing       : No

---- Target Options
Add IO Buffers                     : YES
Global Maximum Fanout              : 500
Add Generic Clock Buffer(BUFG)     : 16
Register Duplication               : YES
Slice Packing                      : YES
Optimize Instantiated Primitives   : NO
Convert Tristates To Logic         : Yes
Use Clock Enable                   : Yes
Use Synchronous Set                : Yes
Use Synchronous Reset              : Yes
Pack IO Registers into IOBs        : auto
Equivalent register Removal        : YES

---- General Options
Optimization Goal                  : Speed
Optimization Effort                : 1
Library Search Order               : Alu32.lso
Keep Hierarchy                     : NO
Netlist Hierarchy                  : as_optimized
RTL Output                         : Yes
Global Optimization                : AllClockNets
Read Cores                         : YES
Write Timing Constraints           : NO
Cross Clock Analysis               : NO
Hierarchy Separator                : /
Bus Delimiter                      : <>
Case Specifier                     : maintain
Slice Utilization Ratio            : 100
BRAM Utilization Ratio             : 100
Verilog 2001                       : YES
Auto BRAM Packing                  : NO
Slice Utilization Ratio Delta      : 5

=========================================================================


=========================================================================
*                          HDL Compilation                              *
=========================================================================
Compiling verilog file "Alu32.v" in library work
Module <Alu32> compiled
No errors in compilation
Analysis of file <"Alu32.prj"> succeeded.
 

=========================================================================
*                     Design Hierarchy Analysis                         *
=========================================================================
Analyzing hierarchy for module <Alu32> in library <work>.


=========================================================================
*                            HDL Analysis                               *
=========================================================================
Analyzing top module <Alu32>.
Module <Alu32> is correct for synthesis.
 

=========================================================================
*                           HDL Synthesis                               *
=========================================================================

Performing bidirectional port resolution...

Synthesizing Unit <Alu32>.
    Related source file is "Alu32.v".
    Found 32-bit 8-to-1 multiplexer for signal <x>.
    Found 32-bit addsub for signal <x$addsub0000>.
    Found 32-bit comparator equal for signal <x$cmp_eq0000> created at line 35.
    Summary:
	inferred   1 Adder/Subtractor(s).
	inferred   1 Comparator(s).
	inferred  32 Multiplexer(s).
Unit <Alu32> synthesized.

INFO:Xst:1767 - HDL ADVISOR - Resource sharing has identified that some arithmetic operations in this design can share the same physical resources for reduced device utilization. For improved clock frequency you may try to disable resource sharing.

=========================================================================
HDL Synthesis Report

Macro Statistics
# Adders/Subtractors                                   : 1
 32-bit addsub                                         : 1
# Comparators                                          : 1
 32-bit comparator equal                               : 1
# Multiplexers                                         : 1
 32-bit 8-to-1 multiplexer                             : 1

=========================================================================

=========================================================================
*                       Advanced HDL Synthesis                          *
=========================================================================

Loading device for application Rf_Device from file '2vp30.nph' in environment C:\Xilinx\10.1\ISE.

=========================================================================
Advanced HDL Synthesis Report

Macro Statistics
# Adders/Subtractors                                   : 1
 32-bit addsub                                         : 1
# Comparators                                          : 1
 32-bit comparator equal                               : 1
# Multiplexers                                         : 1
 32-bit 8-to-1 multiplexer                             : 1

=========================================================================

=========================================================================
*                         Low Level Synthesis                           *
=========================================================================

Optimizing unit <Alu32> ...

Mapping all equations...
Building and optimizing final netlist ...
Found area constraint ratio of 100 (+ 5) on block Alu32, actual ratio is 0.

Final Macro Processing ...

=========================================================================
Final Register Report

Found no macro
=========================================================================

=========================================================================
*                           Partition Report                             *
=========================================================================

Partition Implementation Status
-------------------------------

  No Partitions were found in this design.

-------------------------------

=========================================================================
*                            Final Report                               *
=========================================================================
Final Results
RTL Top Level Output File Name     : Alu32.ngr
Top Level Output File Name         : Alu32
Output Format                      : NGC
Optimization Goal                  : Speed
Keep Hierarchy                     : NO

Design Statistics
# IOs                              : 99

Cell Usage :
# BELS                             : 259
#      GND                         : 1
#      INV                         : 1
#      LUT2                        : 1
#      LUT3                        : 94
#      LUT4                        : 49
#      MUXCY                       : 47
#      MUXF5                       : 33
#      VCC                         : 1
#      XORCY                       : 32
# IO Buffers                       : 99
#      IBUF                        : 67
#      OBUF                        : 32
=========================================================================

Device utilization summary:
---------------------------

Selected Device : 2vp30ff896-6 

 Number of Slices:                       75  out of  13696     0%  
 Number of 4 input LUTs:                145  out of  27392     0%  
 Number of IOs:                          99
 Number of bonded IOBs:                  99  out of    556    17%  

---------------------------
Partition Resource Summary:
---------------------------

  No Partitions were found in this design.

---------------------------


=========================================================================
TIMING REPORT

NOTE: THESE TIMING NUMBERS ARE ONLY A SYNTHESIS ESTIMATE.
      FOR ACCURATE TIMING INFORMATION PLEASE REFER TO THE TRACE REPORT
      GENERATED AFTER PLACE-and-ROUTE.

Clock Information:
------------------
No clock signals found in this design

Asynchronous Control Signals Information:
----------------------------------------
No asynchronous control signals found in this design

Timing Summary:
---------------
Speed Grade: -6

   Minimum period: No path found
   Minimum input arrival time before clock: No path found
   Maximum output required time after clock: No path found
   Maximum combinational path delay: 10.217ns

Timing Detail:
--------------
All values displayed in nanoseconds (ns)

=========================================================================
Timing constraint: Default path analysis
  Total number of paths / destination ports: 3583 / 32
-------------------------------------------------------------------------
Delay:               10.217ns (Levels of Logic = 38)
  Source:            op<0> (PAD)
  Destination:       x<31> (PAD)

  Data Path: op<0> to x<31>
                                Gate     Net
    Cell:in->out      fanout   Delay   Delay  Logical Name (Net Name)
    ----------------------------------------  ------------
     IBUF:I->O            66   0.919   0.963  op_0_IBUF (op_0_IBUF)
     LUT3:I1->O           33   0.313   0.819  x_mux00002 (x_mux0000)
     LUT3:I2->O            1   0.313   0.000  Maddsub_x_addsub0000_lut<0> (Maddsub_x_addsub0000_lut<0>)
     MUXCY:S->O            1   0.377   0.000  Maddsub_x_addsub0000_cy<0> (Maddsub_x_addsub0000_cy<0>)
     MUXCY:CI->O           1   0.042   0.000  Maddsub_x_addsub0000_cy<1> (Maddsub_x_addsub0000_cy<1>)
     MUXCY:CI->O           1   0.042   0.000  Maddsub_x_addsub0000_cy<2> (Maddsub_x_addsub0000_cy<2>)
     MUXCY:CI->O           1   0.042   0.000  Maddsub_x_addsub0000_cy<3> (Maddsub_x_addsub0000_cy<3>)
     MUXCY:CI->O           1   0.042   0.000  Maddsub_x_addsub0000_cy<4> (Maddsub_x_addsub0000_cy<4>)
     MUXCY:CI->O           1   0.042   0.000  Maddsub_x_addsub0000_cy<5> (Maddsub_x_addsub0000_cy<5>)
     MUXCY:CI->O           1   0.042   0.000  Maddsub_x_addsub0000_cy<6> (Maddsub_x_addsub0000_cy<6>)
     MUXCY:CI->O           1   0.042   0.000  Maddsub_x_addsub0000_cy<7> (Maddsub_x_addsub0000_cy<7>)
     MUXCY:CI->O           1   0.042   0.000  Maddsub_x_addsub0000_cy<8> (Maddsub_x_addsub0000_cy<8>)
     MUXCY:CI->O           1   0.042   0.000  Maddsub_x_addsub0000_cy<9> (Maddsub_x_addsub0000_cy<9>)
     MUXCY:CI->O           1   0.042   0.000  Maddsub_x_addsub0000_cy<10> (Maddsub_x_addsub0000_cy<10>)
     MUXCY:CI->O           1   0.042   0.000  Maddsub_x_addsub0000_cy<11> (Maddsub_x_addsub0000_cy<11>)
     MUXCY:CI->O           1   0.042   0.000  Maddsub_x_addsub0000_cy<12> (Maddsub_x_addsub0000_cy<12>)
     MUXCY:CI->O           1   0.042   0.000  Maddsub_x_addsub0000_cy<13> (Maddsub_x_addsub0000_cy<13>)
     MUXCY:CI->O           1   0.042   0.000  Maddsub_x_addsub0000_cy<14> (Maddsub_x_addsub0000_cy<14>)
     MUXCY:CI->O           1   0.042   0.000  Maddsub_x_addsub0000_cy<15> (Maddsub_x_addsub0000_cy<15>)
     MUXCY:CI->O           1   0.042   0.000  Maddsub_x_addsub0000_cy<16> (Maddsub_x_addsub0000_cy<16>)
     MUXCY:CI->O           1   0.042   0.000  Maddsub_x_addsub0000_cy<17> (Maddsub_x_addsub0000_cy<17>)
     MUXCY:CI->O           1   0.042   0.000  Maddsub_x_addsub0000_cy<18> (Maddsub_x_addsub0000_cy<18>)
     MUXCY:CI->O           1   0.042   0.000  Maddsub_x_addsub0000_cy<19> (Maddsub_x_addsub0000_cy<19>)
     MUXCY:CI->O           1   0.042   0.000  Maddsub_x_addsub0000_cy<20> (Maddsub_x_addsub0000_cy<20>)
     MUXCY:CI->O           1   0.042   0.000  Maddsub_x_addsub0000_cy<21> (Maddsub_x_addsub0000_cy<21>)
     MUXCY:CI->O           1   0.042   0.000  Maddsub_x_addsub0000_cy<22> (Maddsub_x_addsub0000_cy<22>)
     MUXCY:CI->O           1   0.042   0.000  Maddsub_x_addsub0000_cy<23> (Maddsub_x_addsub0000_cy<23>)
     MUXCY:CI->O           1   0.042   0.000  Maddsub_x_addsub0000_cy<24> (Maddsub_x_addsub0000_cy<24>)
     MUXCY:CI->O           1   0.042   0.000  Maddsub_x_addsub0000_cy<25> (Maddsub_x_addsub0000_cy<25>)
     MUXCY:CI->O           1   0.042   0.000  Maddsub_x_addsub0000_cy<26> (Maddsub_x_addsub0000_cy<26>)
     MUXCY:CI->O           1   0.042   0.000  Maddsub_x_addsub0000_cy<27> (Maddsub_x_addsub0000_cy<27>)
     MUXCY:CI->O           1   0.042   0.000  Maddsub_x_addsub0000_cy<28> (Maddsub_x_addsub0000_cy<28>)
     MUXCY:CI->O           1   0.042   0.000  Maddsub_x_addsub0000_cy<29> (Maddsub_x_addsub0000_cy<29>)
     MUXCY:CI->O           0   0.042   0.000  Maddsub_x_addsub0000_cy<30> (Maddsub_x_addsub0000_cy<30>)
     XORCY:CI->O           1   0.868   0.506  Maddsub_x_addsub0000_xor<31> (x_addsub0000<31>)
     LUT4:I1->O            1   0.313   0.000  Mmux_x_4231 (Mmux_x_423)
     MUXF5:I0->O           1   0.340   0.390  Mmux_x_2_f5_22 (x_31_OBUF)
     OBUF:I->O                 2.851          x_31_OBUF (x<31>)
    ----------------------------------------
    Total                     10.217ns (7.539ns logic, 2.678ns route)
                                       (73.8% logic, 26.2% route)

=========================================================================


Total REAL time to Xst completion: 2.00 secs
Total CPU time to Xst completion: 1.70 secs
 
--> 

Total memory usage is 207528 kilobytes

Number of errors   :    0 (   0 filtered)
Number of warnings :    0 (   0 filtered)
Number of infos    :    1 (   0 filtered)

