Determining compilation order of HDL files
Analyzing Verilog file Alu32.v
Analyzing Verilog file Alu32_tb.v
Analyzing Verilog file C:/Xilinx/10.1/ISE/verilog/src/glbl.v
Saving Verilog parse-tree work.Alu32 into c:/documents and
settings/student/desktop/lab2_zixuang/isim/work/@alu32.sdb
Saving Verilog parse-tree work.Alu32_tb into c:/documents and
settings/student/desktop/lab2_zixuang/isim/work/@alu32_tb.sdb
Saving Verilog parse-tree work.glbl into c:/documents and
settings/student/desktop/lab2_zixuang/isim/work/glbl.sdb
Starting static elaboration
Completed static elaboration
Fuse Memory Usage: 54152 Kb
Fuse CPU Usage: 77 ms
Compiling module glbl
Compiling module Alu32
Compiling module Alu32_tb
Compiled 3 Verilog Units
Built simulation executable Alu32_tb_isim_beh.exe
Fuse Memory Usage: 55436 Kb
Fuse CPU Usage: 92 ms
